 % konoha simpleEvent.k
 - (simpleEvent.k:25) timer_handler_once() executed!!
 - (simpleEvent.k:26) tev = &0x7fb93c9fd240
 - (simpleEvent.k:27) timer = -1, evflag = 1
 - (simpleEvent.k:33) timer_handler_freq() executed!!
 - (simpleEvent.k:34) tev = &0x7fb93c9fd2c0
 - (simpleEvent.k:35) timer = -1, evflag = 1
 - (simpleEvent.k:33) timer_handler_freq() executed!!
 - (simpleEvent.k:34) tev = &0x7fb93c9fd2c0
 - (simpleEvent.k:35) timer = -1, evflag = 1
 - (simpleEvent.k:33) timer_handler_freq() executed!!
 - (simpleEvent.k:34) tev = &0x7fb93c9fd2c0
 - (simpleEvent.k:35) timer = -1, evflag = 1
 - (simpleEvent.k:33) timer_handler_freq() executed!!
 - (simpleEvent.k:34) tev = &0x7fb93c9fd2c0
 - (simpleEvent.k:35) timer = -1, evflag = 1
 - (simpleEvent.k:14) signal_handler() executed!!
 - (simpleEvent.k:15) evBase = &0x7fb93c9fd180
 - (simpleEvent.k:16) signal = 1, evflag = 8
 - (simpleEvent.k:14) signal_handler() executed!!
 - (simpleEvent.k:15) evBase = &0x7fb93c9fd180
 - (simpleEvent.k:16) signal = 1, evflag = 8
 - (simpleEvent.k:14) signal_handler() executed!!
 - (simpleEvent.k:15) evBase = &0x7fb93c9fd180
 - (simpleEvent.k:16) signal = 1, evflag = 8
 - (simpleEvent.k:33) timer_handler_freq() executed!!
 - (simpleEvent.k:34) tev = &0x7fb93c9fd2c0
 - (simpleEvent.k:35) timer = -1, evflag = 1
 - (simpleEvent.k:14) signal_handler() executed!!
 - (simpleEvent.k:15) evBase = &0x7fb93c9fd180
 - (simpleEvent.k:16) signal = 1, evflag = 8
 - (simpleEvent.k:14) signal_handler() executed!!
 - (simpleEvent.k:15) evBase = &0x7fb93c9fd180
 - (simpleEvent.k:16) signal = 15, evflag = 8
